2024-05-29T14:02:58.321+02:00  INFO 8008 --- [main] p.periodico.PeriodicoApplication         : Starting PeriodicoApplication using Java 21 with PID 8008 (C:\Users\Sergio\Desktop\DWS\periodico\target\classes started by Sergio in C:\Users\Sergio\Desktop\DWS\periodico)
2024-05-29T14:02:58.335+02:00  INFO 8008 --- [main] p.periodico.PeriodicoApplication         : No active profile set, falling back to 1 default profile: "default"
2024-05-29T14:02:58.850+02:00  INFO 8008 --- [main] .s.d.r.c.RepositoryConfigurationDelegate : Bootstrapping Spring Data JPA repositories in DEFAULT mode.
2024-05-29T14:02:58.912+02:00  INFO 8008 --- [main] .s.d.r.c.RepositoryConfigurationDelegate : Finished Spring Data repository scanning in 53 ms. Found 4 JPA repository interfaces.
2024-05-29T14:02:59.752+02:00  INFO 8008 --- [main] o.s.b.w.embedded.tomcat.TomcatWebServer  : Tomcat initialized with port 8080 (http)
2024-05-29T14:02:59.771+02:00  INFO 8008 --- [main] o.apache.catalina.core.StandardService   : Arrancando servicio [Tomcat]
2024-05-29T14:02:59.772+02:00  INFO 8008 --- [main] o.apache.catalina.core.StandardEngine    : Starting Servlet engine: [Apache Tomcat/10.1.12]
2024-05-29T14:02:59.952+02:00  INFO 8008 --- [main] org.apache.jasper.servlet.TldScanner     : Al menos un JAR, que se ha explorado buscando TLDs, aún no contenía TLDs. Activar historial de depuración para este historiador para una completa lista de los JARs que fueron explorados y de los que nos se halló TLDs. Saltarse JARs no necesarios durante la exploración puede dar lugar a una mejora de tiempo significativa en el arranque y compilación de JSP .
2024-05-29T14:02:59.958+02:00  INFO 8008 --- [main] o.a.c.c.C.[Tomcat].[localhost].[/]       : Initializing Spring embedded WebApplicationContext
2024-05-29T14:02:59.958+02:00  INFO 8008 --- [main] w.s.c.ServletWebServerApplicationContext : Root WebApplicationContext: initialization completed in 1587 ms
2024-05-29T14:03:00.233+02:00  INFO 8008 --- [main] o.hibernate.jpa.internal.util.LogHelper  : HHH000204: Processing PersistenceUnitInfo [name: default]
2024-05-29T14:03:00.310+02:00  INFO 8008 --- [main] org.hibernate.Version                    : HHH000412: Hibernate ORM core version 6.4.1.Final
2024-05-29T17:04:56.024+02:00  INFO 10276 --- [main] p.periodico.PeriodicoApplication         : Starting PeriodicoApplication using Java 21 with PID 10276 (C:\Users\Sergio\Desktop\DWS\periodico\target\classes started by Sergio in C:\Users\Sergio\Desktop\DWS\periodico)
2024-05-29T17:04:56.026+02:00  INFO 10276 --- [main] p.periodico.PeriodicoApplication         : No active profile set, falling back to 1 default profile: "default"
2024-05-29T17:04:56.531+02:00  INFO 10276 --- [main] .s.d.r.c.RepositoryConfigurationDelegate : Bootstrapping Spring Data JPA repositories in DEFAULT mode.
2024-05-29T17:04:56.585+02:00  INFO 10276 --- [main] .s.d.r.c.RepositoryConfigurationDelegate : Finished Spring Data repository scanning in 49 ms. Found 4 JPA repository interfaces.
2024-05-29T17:04:57.301+02:00  INFO 10276 --- [main] o.s.b.w.embedded.tomcat.TomcatWebServer  : Tomcat initialized with port 8080 (http)
2024-05-29T17:04:57.317+02:00  INFO 10276 --- [main] o.apache.catalina.core.StandardService   : Arrancando servicio [Tomcat]
2024-05-29T17:04:57.318+02:00  INFO 10276 --- [main] o.apache.catalina.core.StandardEngine    : Starting Servlet engine: [Apache Tomcat/10.1.12]
2024-05-29T17:04:57.470+02:00  INFO 10276 --- [main] org.apache.jasper.servlet.TldScanner     : Al menos un JAR, que se ha explorado buscando TLDs, aún no contenía TLDs. Activar historial de depuración para este historiador para una completa lista de los JARs que fueron explorados y de los que nos se halló TLDs. Saltarse JARs no necesarios durante la exploración puede dar lugar a una mejora de tiempo significativa en el arranque y compilación de JSP .
2024-05-29T17:04:57.476+02:00  INFO 10276 --- [main] o.a.c.c.C.[Tomcat].[localhost].[/]       : Initializing Spring embedded WebApplicationContext
2024-05-29T17:04:57.476+02:00  INFO 10276 --- [main] w.s.c.ServletWebServerApplicationContext : Root WebApplicationContext: initialization completed in 1416 ms
2024-05-29T17:04:57.726+02:00  INFO 10276 --- [main] o.hibernate.jpa.internal.util.LogHelper  : HHH000204: Processing PersistenceUnitInfo [name: default]
2024-05-29T17:04:57.806+02:00  INFO 10276 --- [main] org.hibernate.Version                    : HHH000412: Hibernate ORM core version 6.4.1.Final
2024-05-29T17:04:57.839+02:00  INFO 10276 --- [main] o.h.c.internal.RegionFactoryInitiator    : HHH000026: Second-level cache disabled
2024-05-29T17:04:58.048+02:00  INFO 10276 --- [main] o.s.o.j.p.SpringPersistenceUnitInfo      : No LoadTimeWeaver setup: ignoring JPA class transformer
2024-05-29T17:04:58.071+02:00  INFO 10276 --- [main] com.zaxxer.hikari.HikariDataSource       : HikariPool-1 - Starting...
2024-05-29T17:04:58.222+02:00  INFO 10276 --- [main] com.zaxxer.hikari.pool.HikariPool        : HikariPool-1 - Added connection org.postgresql.jdbc.PgConnection@3c27f72
2024-05-29T17:04:58.224+02:00  INFO 10276 --- [main] com.zaxxer.hikari.HikariDataSource       : HikariPool-1 - Start completed.
2024-05-29T17:04:58.252+02:00  WARN 10276 --- [main] org.hibernate.orm.deprecation            : HHH90000025: PostgreSQLDialect does not need to be specified explicitly using 'hibernate.dialect' (remove the property setting and it will be selected by default)
2024-05-29T17:04:58.995+02:00  INFO 10276 --- [main] o.h.e.t.j.p.i.JtaPlatformInitiator       : HHH000489: No JTA platform available (set 'hibernate.transaction.jta.platform' to enable JTA platform integration)
2024-05-29T17:04:59.091+02:00  INFO 10276 --- [main] j.LocalContainerEntityManagerFactoryBean : Initialized JPA EntityManagerFactory for persistence unit 'default'
2024-05-29T17:04:59.596+02:00  INFO 10276 --- [main] proyecto.periodico.utils.EscribirLog     : Entrando en el método passwordEncoder() de la clase proyecto.periodico.seguridad.configuracionSeguridad$$SpringCGLIB$$0
2024-05-29T17:04:59.598+02:00  INFO 10276 --- [main] proyecto.periodico.utils.EscribirLog     : Saliendo del método passwordEncoder() de la clase proyecto.periodico.seguridad.configuracionSeguridad$$SpringCGLIB$$0
2024-05-29T17:04:59.761+02:00  WARN 10276 --- [main] o.s.aop.framework.CglibAopProxy          : Unable to proxy interface-implementing method [public final void org.springframework.web.context.support.WebApplicationObjectSupport.setServletContext(jakarta.servlet.ServletContext)] because it is marked as final, consider using interface-based JDK proxies instead.
2024-05-29T17:04:59.762+02:00  WARN 10276 --- [main] o.s.aop.framework.CglibAopProxy          : Unable to proxy interface-implementing method [public final void org.springframework.context.support.ApplicationObjectSupport.setApplicationContext(org.springframework.context.ApplicationContext) throws org.springframework.beans.BeansException] because it is marked as final, consider using interface-based JDK proxies instead.
2024-05-29T17:04:59.776+02:00  INFO 10276 --- [main] proyecto.periodico.utils.EscribirLog     : Entrando en el método authenticationProvider() de la clase proyecto.periodico.seguridad.configuracionSeguridad$$SpringCGLIB$$0
2024-05-29T17:04:59.796+02:00  INFO 10276 --- [main] proyecto.periodico.utils.EscribirLog     : Saliendo del método authenticationProvider() de la clase proyecto.periodico.seguridad.configuracionSeguridad$$SpringCGLIB$$0
2024-05-29T17:04:59.809+02:00  INFO 10276 --- [main] proyecto.periodico.utils.EscribirLog     : Entrando en el método authenticationManager() de la clase proyecto.periodico.seguridad.configuracionSeguridad$$SpringCGLIB$$0
2024-05-29T17:04:59.826+02:00  INFO 10276 --- [main] proyecto.periodico.utils.EscribirLog     : Saliendo del método authenticationManager() de la clase proyecto.periodico.seguridad.configuracionSeguridad$$SpringCGLIB$$0
2024-05-29T17:04:59.851+02:00  WARN 10276 --- [main] JpaBaseConfiguration$JpaWebConfiguration : spring.jpa.open-in-view is enabled by default. Therefore, database queries may be performed during view rendering. Explicitly configure spring.jpa.open-in-view to disable this warning
2024-05-29T17:04:59.930+02:00  INFO 10276 --- [main] proyecto.periodico.utils.EscribirLog     : Entrando en el método filterChain() de la clase proyecto.periodico.seguridad.configuracionSeguridad$$SpringCGLIB$$0
2024-05-29T17:04:59.966+02:00  INFO 10276 --- [main] o.s.b.a.w.s.WelcomePageHandlerMapping    : Adding welcome page template: index
2024-05-29T17:05:00.241+02:00  INFO 10276 --- [main] o.s.s.web.DefaultSecurityFilterChain     : Will secure any request with [org.springframework.security.web.session.DisableEncodeUrlFilter@4c5ae26d, org.springframework.security.web.context.request.async.WebAsyncManagerIntegrationFilter@5578ed7e, org.springframework.security.web.context.SecurityContextHolderFilter@5c450960, org.springframework.security.web.header.HeaderWriterFilter@3652dd19, org.springframework.web.filter.CorsFilter@5dd5422f, org.springframework.security.web.authentication.logout.LogoutFilter@27b7913, org.springframework.security.web.authentication.UsernamePasswordAuthenticationFilter@3ba6707e, org.springframework.security.web.savedrequest.RequestCacheAwareFilter@7021bb55, org.springframework.security.web.servletapi.SecurityContextHolderAwareRequestFilter@6023b54f, org.springframework.security.web.authentication.AnonymousAuthenticationFilter@158b8d10, org.springframework.security.web.access.ExceptionTranslationFilter@35fd03d9, org.springframework.security.web.access.intercept.AuthorizationFilter@299615a5]
2024-05-29T17:05:00.241+02:00  INFO 10276 --- [main] proyecto.periodico.utils.EscribirLog     : Saliendo del método filterChain() de la clase proyecto.periodico.seguridad.configuracionSeguridad$$SpringCGLIB$$0
2024-05-29T17:05:00.242+02:00  INFO 10276 --- [main] proyecto.periodico.utils.EscribirLog     : Entrando en el método customBeanNameViewResolver() de la clase proyecto.periodico.utils.PdfConfig$$SpringCGLIB$$0
2024-05-29T17:05:00.242+02:00  INFO 10276 --- [main] proyecto.periodico.utils.EscribirLog     : Saliendo del método customBeanNameViewResolver() de la clase proyecto.periodico.utils.PdfConfig$$SpringCGLIB$$0
2024-05-29T17:05:00.626+02:00  INFO 10276 --- [main] o.s.b.w.embedded.tomcat.TomcatWebServer  : Tomcat started on port 8080 (http) with context path ''
2024-05-29T17:05:00.633+02:00  INFO 10276 --- [main] p.periodico.PeriodicoApplication         : Started PeriodicoApplication in 4.906 seconds (process running for 5.198)
2024-05-29T17:05:00.643+02:00  INFO 10276 --- [main] proyecto.periodico.utils.EscribirLog     : Entrando en el método onApplicationReady() de la clase proyecto.periodico.servicios.ImplementacionNoticia
2024-05-29T17:05:00.646+02:00  INFO 10276 --- [main] proyecto.periodico.utils.EscribirLog     : Entrando en el método existsById() de la clase jdk.proxy2.$Proxy124
2024-05-29T17:05:00.920+02:00  INFO 10276 --- [main] proyecto.periodico.utils.EscribirLog     : Saliendo del método existsById() de la clase jdk.proxy2.$Proxy124
2024-05-29T17:05:00.920+02:00  INFO 10276 --- [main] proyecto.periodico.utils.EscribirLog     : Saliendo del método onApplicationReady() de la clase proyecto.periodico.servicios.ImplementacionNoticia
2024-05-29T17:05:07.650+02:00  INFO 10276 --- [http-nio-8080-exec-1] o.a.c.c.C.[Tomcat].[localhost].[/]       : Initializing Spring DispatcherServlet 'dispatcherServlet'
2024-05-29T17:05:07.650+02:00  INFO 10276 --- [http-nio-8080-exec-1] o.s.web.servlet.DispatcherServlet        : Initializing Servlet 'dispatcherServlet'
2024-05-29T17:05:07.651+02:00  INFO 10276 --- [http-nio-8080-exec-1] o.s.web.servlet.DispatcherServlet        : Completed initialization in 1 ms
2024-05-29T17:05:07.677+02:00  INFO 10276 --- [http-nio-8080-exec-1] proyecto.periodico.utils.EscribirLog     : Entrando en el método index1() de la clase proyecto.periodico.controladores.loginRegistroControl
2024-05-29T17:05:07.678+02:00  INFO 10276 --- [http-nio-8080-exec-1] proyecto.periodico.utils.EscribirLog     : Entrando en el método buscarTodas() de la clase proyecto.periodico.servicios.ImplementacionNoticia
2024-05-29T17:05:07.678+02:00  INFO 10276 --- [http-nio-8080-exec-1] proyecto.periodico.utils.EscribirLog     : Entrando en el método findAll() de la clase jdk.proxy2.$Proxy124
2024-05-29T17:05:07.719+02:00  INFO 10276 --- [http-nio-8080-exec-1] proyecto.periodico.utils.EscribirLog     : Saliendo del método findAll() de la clase jdk.proxy2.$Proxy124
2024-05-29T17:05:07.719+02:00  INFO 10276 --- [http-nio-8080-exec-1] proyecto.periodico.utils.EscribirLog     : Entrando en el método listaNoticiasToDto() de la clase proyecto.periodico.servicios.ImplementacionNoticiaToDTO
2024-05-29T17:05:07.723+02:00  INFO 10276 --- [http-nio-8080-exec-1] proyecto.periodico.utils.EscribirLog     : Saliendo del método listaNoticiasToDto() de la clase proyecto.periodico.servicios.ImplementacionNoticiaToDTO
2024-05-29T17:05:07.723+02:00  INFO 10276 --- [http-nio-8080-exec-1] proyecto.periodico.utils.EscribirLog     : Saliendo del método buscarTodas() de la clase proyecto.periodico.servicios.ImplementacionNoticia
2024-05-29T17:05:07.732+02:00  INFO 10276 --- [http-nio-8080-exec-1] proyecto.periodico.utils.EscribirLog     : Entrando en el método obtenerNoticiaMasReciente() de la clase proyecto.periodico.servicios.ImplementacionNoticia
2024-05-29T17:05:07.732+02:00  INFO 10276 --- [http-nio-8080-exec-1] proyecto.periodico.utils.EscribirLog     : Entrando en el método findAllByOrderByFchaPublicacionDesc() de la clase jdk.proxy2.$Proxy124
2024-05-29T17:05:07.740+02:00  INFO 10276 --- [http-nio-8080-exec-1] proyecto.periodico.utils.EscribirLog     : Saliendo del método findAllByOrderByFchaPublicacionDesc() de la clase jdk.proxy2.$Proxy124
2024-05-29T17:05:07.740+02:00  INFO 10276 --- [http-nio-8080-exec-1] proyecto.periodico.utils.EscribirLog     : Saliendo del método obtenerNoticiaMasReciente() de la clase proyecto.periodico.servicios.ImplementacionNoticia
2024-05-29T17:05:07.741+02:00  INFO 10276 --- [http-nio-8080-exec-1] proyecto.periodico.utils.EscribirLog     : Entrando en el método noticiaToDto() de la clase proyecto.periodico.servicios.ImplementacionNoticiaToDTO
2024-05-29T17:05:07.741+02:00  INFO 10276 --- [http-nio-8080-exec-1] proyecto.periodico.utils.EscribirLog     : Saliendo del método noticiaToDto() de la clase proyecto.periodico.servicios.ImplementacionNoticiaToDTO
2024-05-29T17:05:07.741+02:00  INFO 10276 --- [http-nio-8080-exec-1] proyecto.periodico.utils.EscribirLog     : Entrando en el método resumirNoticia() de la clase proyecto.periodico.servicios.ImplementacionNoticia
2024-05-29T17:05:07.741+02:00  INFO 10276 --- [http-nio-8080-exec-1] proyecto.periodico.utils.EscribirLog     : Saliendo del método resumirNoticia() de la clase proyecto.periodico.servicios.ImplementacionNoticia
2024-05-29T17:05:07.742+02:00  INFO 10276 --- [http-nio-8080-exec-1] proyecto.periodico.utils.EscribirLog     : Entrando en el método resumirNoticia2() de la clase proyecto.periodico.servicios.ImplementacionNoticia
2024-05-29T17:05:07.742+02:00  INFO 10276 --- [http-nio-8080-exec-1] proyecto.periodico.utils.EscribirLog     : Saliendo del método resumirNoticia2() de la clase proyecto.periodico.servicios.ImplementacionNoticia
2024-05-29T17:05:07.742+02:00  INFO 10276 --- [http-nio-8080-exec-1] proyecto.periodico.utils.EscribirLog     : Entrando en el método buscarTodas() de la clase proyecto.periodico.servicios.ImplementacionCategoria
2024-05-29T17:05:07.743+02:00  INFO 10276 --- [http-nio-8080-exec-1] proyecto.periodico.utils.EscribirLog     : Entrando en el método findAll() de la clase jdk.proxy2.$Proxy125
2024-05-29T17:05:07.745+02:00  INFO 10276 --- [http-nio-8080-exec-1] proyecto.periodico.utils.EscribirLog     : Saliendo del método findAll() de la clase jdk.proxy2.$Proxy125
2024-05-29T17:05:07.745+02:00  INFO 10276 --- [http-nio-8080-exec-1] proyecto.periodico.utils.EscribirLog     : Entrando en el método listaCategoriaToDto() de la clase proyecto.periodico.servicios.ImplementacionCategoriaToDTO
2024-05-29T17:05:07.746+02:00  INFO 10276 --- [http-nio-8080-exec-1] proyecto.periodico.utils.EscribirLog     : Saliendo del método listaCategoriaToDto() de la clase proyecto.periodico.servicios.ImplementacionCategoriaToDTO
2024-05-29T17:05:07.746+02:00  INFO 10276 --- [http-nio-8080-exec-1] proyecto.periodico.utils.EscribirLog     : Saliendo del método buscarTodas() de la clase proyecto.periodico.servicios.ImplementacionCategoria
2024-05-29T17:05:07.746+02:00  INFO 10276 --- [http-nio-8080-exec-1] proyecto.periodico.utils.EscribirLog     : Saliendo del método index1() de la clase proyecto.periodico.controladores.loginRegistroControl
2024-05-29T17:05:08.077+02:00  INFO 10276 --- [http-nio-8080-exec-6] proyecto.periodico.utils.EscribirLog     : Entrando en el método index1() de la clase proyecto.periodico.controladores.loginRegistroControl
2024-05-29T17:05:08.077+02:00  INFO 10276 --- [http-nio-8080-exec-6] proyecto.periodico.utils.EscribirLog     : Entrando en el método buscarTodas() de la clase proyecto.periodico.servicios.ImplementacionNoticia
2024-05-29T17:05:08.077+02:00  INFO 10276 --- [http-nio-8080-exec-6] proyecto.periodico.utils.EscribirLog     : Entrando en el método findAll() de la clase jdk.proxy2.$Proxy124
2024-05-29T17:05:08.082+02:00  INFO 10276 --- [http-nio-8080-exec-6] proyecto.periodico.utils.EscribirLog     : Saliendo del método findAll() de la clase jdk.proxy2.$Proxy124
2024-05-29T17:05:08.082+02:00  INFO 10276 --- [http-nio-8080-exec-6] proyecto.periodico.utils.EscribirLog     : Entrando en el método listaNoticiasToDto() de la clase proyecto.periodico.servicios.ImplementacionNoticiaToDTO
2024-05-29T17:05:08.082+02:00  INFO 10276 --- [http-nio-8080-exec-6] proyecto.periodico.utils.EscribirLog     : Saliendo del método listaNoticiasToDto() de la clase proyecto.periodico.servicios.ImplementacionNoticiaToDTO
2024-05-29T17:05:08.082+02:00  INFO 10276 --- [http-nio-8080-exec-6] proyecto.periodico.utils.EscribirLog     : Saliendo del método buscarTodas() de la clase proyecto.periodico.servicios.ImplementacionNoticia
2024-05-29T17:05:08.083+02:00  INFO 10276 --- [http-nio-8080-exec-6] proyecto.periodico.utils.EscribirLog     : Entrando en el método obtenerNoticiaMasReciente() de la clase proyecto.periodico.servicios.ImplementacionNoticia
2024-05-29T17:05:08.083+02:00  INFO 10276 --- [http-nio-8080-exec-6] proyecto.periodico.utils.EscribirLog     : Entrando en el método findAllByOrderByFchaPublicacionDesc() de la clase jdk.proxy2.$Proxy124
2024-05-29T17:05:08.086+02:00  INFO 10276 --- [http-nio-8080-exec-6] proyecto.periodico.utils.EscribirLog     : Saliendo del método findAllByOrderByFchaPublicacionDesc() de la clase jdk.proxy2.$Proxy124
2024-05-29T17:05:08.086+02:00  INFO 10276 --- [http-nio-8080-exec-6] proyecto.periodico.utils.EscribirLog     : Saliendo del método obtenerNoticiaMasReciente() de la clase proyecto.periodico.servicios.ImplementacionNoticia
2024-05-29T17:05:08.087+02:00  INFO 10276 --- [http-nio-8080-exec-6] proyecto.periodico.utils.EscribirLog     : Entrando en el método noticiaToDto() de la clase proyecto.periodico.servicios.ImplementacionNoticiaToDTO
2024-05-29T17:05:08.087+02:00  INFO 10276 --- [http-nio-8080-exec-6] proyecto.periodico.utils.EscribirLog     : Saliendo del método noticiaToDto() de la clase proyecto.periodico.servicios.ImplementacionNoticiaToDTO
2024-05-29T17:05:08.088+02:00  INFO 10276 --- [http-nio-8080-exec-6] proyecto.periodico.utils.EscribirLog     : Entrando en el método resumirNoticia() de la clase proyecto.periodico.servicios.ImplementacionNoticia
2024-05-29T17:05:08.088+02:00  INFO 10276 --- [http-nio-8080-exec-6] proyecto.periodico.utils.EscribirLog     : Saliendo del método resumirNoticia() de la clase proyecto.periodico.servicios.ImplementacionNoticia
2024-05-29T17:05:08.088+02:00  INFO 10276 --- [http-nio-8080-exec-6] proyecto.periodico.utils.EscribirLog     : Entrando en el método resumirNoticia2() de la clase proyecto.periodico.servicios.ImplementacionNoticia
2024-05-29T17:05:08.088+02:00  INFO 10276 --- [http-nio-8080-exec-6] proyecto.periodico.utils.EscribirLog     : Saliendo del método resumirNoticia2() de la clase proyecto.periodico.servicios.ImplementacionNoticia
2024-05-29T17:05:08.089+02:00  INFO 10276 --- [http-nio-8080-exec-6] proyecto.periodico.utils.EscribirLog     : Entrando en el método buscarTodas() de la clase proyecto.periodico.servicios.ImplementacionCategoria
2024-05-29T17:05:08.089+02:00  INFO 10276 --- [http-nio-8080-exec-6] proyecto.periodico.utils.EscribirLog     : Entrando en el método findAll() de la clase jdk.proxy2.$Proxy125
2024-05-29T17:05:08.091+02:00  INFO 10276 --- [http-nio-8080-exec-6] proyecto.periodico.utils.EscribirLog     : Saliendo del método findAll() de la clase jdk.proxy2.$Proxy125
2024-05-29T17:05:08.091+02:00  INFO 10276 --- [http-nio-8080-exec-6] proyecto.periodico.utils.EscribirLog     : Entrando en el método listaCategoriaToDto() de la clase proyecto.periodico.servicios.ImplementacionCategoriaToDTO
2024-05-29T17:05:08.092+02:00  INFO 10276 --- [http-nio-8080-exec-6] proyecto.periodico.utils.EscribirLog     : Saliendo del método listaCategoriaToDto() de la clase proyecto.periodico.servicios.ImplementacionCategoriaToDTO
2024-05-29T17:05:08.092+02:00  INFO 10276 --- [http-nio-8080-exec-6] proyecto.periodico.utils.EscribirLog     : Saliendo del método buscarTodas() de la clase proyecto.periodico.servicios.ImplementacionCategoria
2024-05-29T17:05:08.093+02:00  INFO 10276 --- [http-nio-8080-exec-6] proyecto.periodico.utils.EscribirLog     : Saliendo del método index1() de la clase proyecto.periodico.controladores.loginRegistroControl
2024-05-29T17:05:08.152+02:00  INFO 10276 --- [http-nio-8080-exec-8] proyecto.periodico.utils.EscribirLog     : Entrando en el método index1() de la clase proyecto.periodico.controladores.loginRegistroControl
2024-05-29T17:05:08.152+02:00  INFO 10276 --- [http-nio-8080-exec-8] proyecto.periodico.utils.EscribirLog     : Entrando en el método buscarTodas() de la clase proyecto.periodico.servicios.ImplementacionNoticia
2024-05-29T17:05:08.152+02:00  INFO 10276 --- [http-nio-8080-exec-8] proyecto.periodico.utils.EscribirLog     : Entrando en el método findAll() de la clase jdk.proxy2.$Proxy124
2024-05-29T17:05:08.158+02:00  INFO 10276 --- [http-nio-8080-exec-8] proyecto.periodico.utils.EscribirLog     : Saliendo del método findAll() de la clase jdk.proxy2.$Proxy124
2024-05-29T17:05:08.158+02:00  INFO 10276 --- [http-nio-8080-exec-8] proyecto.periodico.utils.EscribirLog     : Entrando en el método listaNoticiasToDto() de la clase proyecto.periodico.servicios.ImplementacionNoticiaToDTO
2024-05-29T17:05:08.158+02:00  INFO 10276 --- [http-nio-8080-exec-8] proyecto.periodico.utils.EscribirLog     : Saliendo del método listaNoticiasToDto() de la clase proyecto.periodico.servicios.ImplementacionNoticiaToDTO
2024-05-29T17:05:08.158+02:00  INFO 10276 --- [http-nio-8080-exec-8] proyecto.periodico.utils.EscribirLog     : Saliendo del método buscarTodas() de la clase proyecto.periodico.servicios.ImplementacionNoticia
2024-05-29T17:05:08.159+02:00  INFO 10276 --- [http-nio-8080-exec-8] proyecto.periodico.utils.EscribirLog     : Entrando en el método obtenerNoticiaMasReciente() de la clase proyecto.periodico.servicios.ImplementacionNoticia
2024-05-29T17:05:08.159+02:00  INFO 10276 --- [http-nio-8080-exec-8] proyecto.periodico.utils.EscribirLog     : Entrando en el método findAllByOrderByFchaPublicacionDesc() de la clase jdk.proxy2.$Proxy124
2024-05-29T17:05:08.161+02:00  INFO 10276 --- [http-nio-8080-exec-8] proyecto.periodico.utils.EscribirLog     : Saliendo del método findAllByOrderByFchaPublicacionDesc() de la clase jdk.proxy2.$Proxy124
2024-05-29T17:05:08.161+02:00  INFO 10276 --- [http-nio-8080-exec-8] proyecto.periodico.utils.EscribirLog     : Saliendo del método obtenerNoticiaMasReciente() de la clase proyecto.periodico.servicios.ImplementacionNoticia
2024-05-29T17:05:08.162+02:00  INFO 10276 --- [http-nio-8080-exec-8] proyecto.periodico.utils.EscribirLog     : Entrando en el método noticiaToDto() de la clase proyecto.periodico.servicios.ImplementacionNoticiaToDTO
2024-05-29T17:05:08.162+02:00  INFO 10276 --- [http-nio-8080-exec-8] proyecto.periodico.utils.EscribirLog     : Saliendo del método noticiaToDto() de la clase proyecto.periodico.servicios.ImplementacionNoticiaToDTO
2024-05-29T17:05:08.162+02:00  INFO 10276 --- [http-nio-8080-exec-8] proyecto.periodico.utils.EscribirLog     : Entrando en el método resumirNoticia() de la clase proyecto.periodico.servicios.ImplementacionNoticia
2024-05-29T17:05:08.162+02:00  INFO 10276 --- [http-nio-8080-exec-8] proyecto.periodico.utils.EscribirLog     : Saliendo del método resumirNoticia() de la clase proyecto.periodico.servicios.ImplementacionNoticia
2024-05-29T17:05:08.162+02:00  INFO 10276 --- [http-nio-8080-exec-8] proyecto.periodico.utils.EscribirLog     : Entrando en el método resumirNoticia2() de la clase proyecto.periodico.servicios.ImplementacionNoticia
2024-05-29T17:05:08.162+02:00  INFO 10276 --- [http-nio-8080-exec-8] proyecto.periodico.utils.EscribirLog     : Saliendo del método resumirNoticia2() de la clase proyecto.periodico.servicios.ImplementacionNoticia
2024-05-29T17:05:08.163+02:00  INFO 10276 --- [http-nio-8080-exec-8] proyecto.periodico.utils.EscribirLog     : Entrando en el método buscarTodas() de la clase proyecto.periodico.servicios.ImplementacionCategoria
2024-05-29T17:05:08.163+02:00  INFO 10276 --- [http-nio-8080-exec-8] proyecto.periodico.utils.EscribirLog     : Entrando en el método findAll() de la clase jdk.proxy2.$Proxy125
2024-05-29T17:05:08.164+02:00  INFO 10276 --- [http-nio-8080-exec-8] proyecto.periodico.utils.EscribirLog     : Saliendo del método findAll() de la clase jdk.proxy2.$Proxy125
2024-05-29T17:05:08.164+02:00  INFO 10276 --- [http-nio-8080-exec-8] proyecto.periodico.utils.EscribirLog     : Entrando en el método listaCategoriaToDto() de la clase proyecto.periodico.servicios.ImplementacionCategoriaToDTO
2024-05-29T17:05:08.164+02:00  INFO 10276 --- [http-nio-8080-exec-8] proyecto.periodico.utils.EscribirLog     : Saliendo del método listaCategoriaToDto() de la clase proyecto.periodico.servicios.ImplementacionCategoriaToDTO
2024-05-29T17:05:08.164+02:00  INFO 10276 --- [http-nio-8080-exec-8] proyecto.periodico.utils.EscribirLog     : Saliendo del método buscarTodas() de la clase proyecto.periodico.servicios.ImplementacionCategoria
2024-05-29T17:05:08.165+02:00  INFO 10276 --- [http-nio-8080-exec-8] proyecto.periodico.utils.EscribirLog     : Saliendo del método index1() de la clase proyecto.periodico.controladores.loginRegistroControl
2024-05-29T17:05:08.279+02:00  INFO 10276 --- [http-nio-8080-exec-10] proyecto.periodico.utils.EscribirLog     : Entrando en el método index1() de la clase proyecto.periodico.controladores.loginRegistroControl
2024-05-29T17:05:08.279+02:00  INFO 10276 --- [http-nio-8080-exec-10] proyecto.periodico.utils.EscribirLog     : Entrando en el método buscarTodas() de la clase proyecto.periodico.servicios.ImplementacionNoticia
2024-05-29T17:05:08.279+02:00  INFO 10276 --- [http-nio-8080-exec-10] proyecto.periodico.utils.EscribirLog     : Entrando en el método findAll() de la clase jdk.proxy2.$Proxy124
2024-05-29T17:05:08.284+02:00  INFO 10276 --- [http-nio-8080-exec-10] proyecto.periodico.utils.EscribirLog     : Saliendo del método findAll() de la clase jdk.proxy2.$Proxy124
2024-05-29T17:05:08.284+02:00  INFO 10276 --- [http-nio-8080-exec-10] proyecto.periodico.utils.EscribirLog     : Entrando en el método listaNoticiasToDto() de la clase proyecto.periodico.servicios.ImplementacionNoticiaToDTO
2024-05-29T17:05:08.284+02:00  INFO 10276 --- [http-nio-8080-exec-10] proyecto.periodico.utils.EscribirLog     : Saliendo del método listaNoticiasToDto() de la clase proyecto.periodico.servicios.ImplementacionNoticiaToDTO
2024-05-29T17:05:08.284+02:00  INFO 10276 --- [http-nio-8080-exec-10] proyecto.periodico.utils.EscribirLog     : Saliendo del método buscarTodas() de la clase proyecto.periodico.servicios.ImplementacionNoticia
2024-05-29T17:05:08.285+02:00  INFO 10276 --- [http-nio-8080-exec-10] proyecto.periodico.utils.EscribirLog     : Entrando en el método obtenerNoticiaMasReciente() de la clase proyecto.periodico.servicios.ImplementacionNoticia
2024-05-29T17:05:08.285+02:00  INFO 10276 --- [http-nio-8080-exec-10] proyecto.periodico.utils.EscribirLog     : Entrando en el método findAllByOrderByFchaPublicacionDesc() de la clase jdk.proxy2.$Proxy124
2024-05-29T17:05:08.287+02:00  INFO 10276 --- [http-nio-8080-exec-10] proyecto.periodico.utils.EscribirLog     : Saliendo del método findAllByOrderByFchaPublicacionDesc() de la clase jdk.proxy2.$Proxy124
2024-05-29T17:05:08.288+02:00  INFO 10276 --- [http-nio-8080-exec-10] proyecto.periodico.utils.EscribirLog     : Saliendo del método obtenerNoticiaMasReciente() de la clase proyecto.periodico.servicios.ImplementacionNoticia
2024-05-29T17:05:08.288+02:00  INFO 10276 --- [http-nio-8080-exec-10] proyecto.periodico.utils.EscribirLog     : Entrando en el método noticiaToDto() de la clase proyecto.periodico.servicios.ImplementacionNoticiaToDTO
2024-05-29T17:05:08.289+02:00  INFO 10276 --- [http-nio-8080-exec-10] proyecto.periodico.utils.EscribirLog     : Saliendo del método noticiaToDto() de la clase proyecto.periodico.servicios.ImplementacionNoticiaToDTO
2024-05-29T17:05:08.289+02:00  INFO 10276 --- [http-nio-8080-exec-10] proyecto.periodico.utils.EscribirLog     : Entrando en el método resumirNoticia() de la clase proyecto.periodico.servicios.ImplementacionNoticia
2024-05-29T17:05:08.289+02:00  INFO 10276 --- [http-nio-8080-exec-10] proyecto.periodico.utils.EscribirLog     : Saliendo del método resumirNoticia() de la clase proyecto.periodico.servicios.ImplementacionNoticia
2024-05-29T17:05:08.289+02:00  INFO 10276 --- [http-nio-8080-exec-10] proyecto.periodico.utils.EscribirLog     : Entrando en el método resumirNoticia2() de la clase proyecto.periodico.servicios.ImplementacionNoticia
2024-05-29T17:05:08.289+02:00  INFO 10276 --- [http-nio-8080-exec-10] proyecto.periodico.utils.EscribirLog     : Saliendo del método resumirNoticia2() de la clase proyecto.periodico.servicios.ImplementacionNoticia
2024-05-29T17:05:08.290+02:00  INFO 10276 --- [http-nio-8080-exec-10] proyecto.periodico.utils.EscribirLog     : Entrando en el método buscarTodas() de la clase proyecto.periodico.servicios.ImplementacionCategoria
2024-05-29T17:05:08.290+02:00  INFO 10276 --- [http-nio-8080-exec-10] proyecto.periodico.utils.EscribirLog     : Entrando en el método findAll() de la clase jdk.proxy2.$Proxy125
2024-05-29T17:05:08.291+02:00  INFO 10276 --- [http-nio-8080-exec-10] proyecto.periodico.utils.EscribirLog     : Saliendo del método findAll() de la clase jdk.proxy2.$Proxy125
2024-05-29T17:05:08.291+02:00  INFO 10276 --- [http-nio-8080-exec-10] proyecto.periodico.utils.EscribirLog     : Entrando en el método listaCategoriaToDto() de la clase proyecto.periodico.servicios.ImplementacionCategoriaToDTO
2024-05-29T17:05:08.291+02:00  INFO 10276 --- [http-nio-8080-exec-10] proyecto.periodico.utils.EscribirLog     : Saliendo del método listaCategoriaToDto() de la clase proyecto.periodico.servicios.ImplementacionCategoriaToDTO
2024-05-29T17:05:08.291+02:00  INFO 10276 --- [http-nio-8080-exec-10] proyecto.periodico.utils.EscribirLog     : Saliendo del método buscarTodas() de la clase proyecto.periodico.servicios.ImplementacionCategoria
2024-05-29T17:05:08.292+02:00  INFO 10276 --- [http-nio-8080-exec-10] proyecto.periodico.utils.EscribirLog     : Saliendo del método index1() de la clase proyecto.periodico.controladores.loginRegistroControl
